[19:07:15] [main/INFO] (FabricLoader/GameProvider) Loading Minecraft 1.18.2 with Fabric Loader 0.13.3
[19:07:15] [main/INFO] (FabricLoader) Loading 49 mods:
	- fabric 0.51.1+1.18.2
	- fabric-api-base 0.4.4+d7c144a860
	- fabric-api-lookup-api-v1 1.6.0+2373a54560
	- fabric-biome-api-v1 8.0.4+7b0f312660
	- fabric-blockrenderlayer-v1 1.1.12+3ac43d9560
	- fabric-command-api-v1 1.1.9+d7c144a860
	- fabric-commands-v0 0.2.8+b4f4f6cd60
	- fabric-containers-v0 0.1.21+d7c144a860
	- fabric-content-registries-v0 3.0.3+d82b939260
	- fabric-convention-tags-v1 1.0.1+474e4f7960
	- fabric-crash-report-info-v1 0.1.11+3ac43d9560
	- fabric-data-generation-api-v1 2.0.9+e19de87d60
	- fabric-dimensions-v1 2.1.17+2540745460
	- fabric-entity-events-v1 1.4.8+d7c144a860
	- fabric-events-interaction-v0 0.4.19+d7c144a860
	- fabric-events-lifecycle-v0 0.2.14+d7c144a860
	- fabric-game-rule-api-v1 1.0.13+d7c144a860
	- fabric-gametest-api-v1 1.0.16+91b7aa6660
	- fabric-item-api-v1 1.4.0+4457765560
	- fabric-item-groups-v0 0.3.11+91896a4960
	- fabric-key-binding-api-v1 1.0.12+54e5b2ec60
	- fabric-keybindings-v0 0.2.10+b4f4f6cd60
	- fabric-lifecycle-events-v1 2.0.3+2d83e92c60
	- fabric-loot-tables-v1 1.0.11+d7c144a860
	- fabric-mining-level-api-v1 2.1.0+81ea5b3c60
	- fabric-models-v0 0.3.6+d7c144a860
	- fabric-networking-api-v1 1.0.21+d882b91560
	- fabric-networking-v0 0.3.8+b4f4f6cd60
	- fabric-object-builder-api-v1 2.1.0+fe4ddef060
	- fabric-particles-v1 0.2.12+526dc1ac60
	- fabric-registry-sync-v0 0.9.8+0d9ab37260
	- fabric-renderer-api-v1 0.4.13+d882b91560
	- fabric-renderer-indigo 0.5.0+7faf0d8860
	- fabric-renderer-registries-v1 3.2.11+b4f4f6cd60
	- fabric-rendering-data-attachment-v1 0.3.7+d7c144a860
	- fabric-rendering-fluids-v1 2.0.2+54e5b2ec60
	- fabric-rendering-v0 1.1.13+b4f4f6cd60
	- fabric-rendering-v1 1.10.7+54e5b2ec60
	- fabric-resource-conditions-api-v1 2.0.3+91b7aa6660
	- fabric-resource-loader-v0 0.4.18+2de5574560
	- fabric-screen-api-v1 1.0.10+d882b91560
	- fabric-screen-handler-api-v1 1.2.0+1f6558e860
	- fabric-textures-v0 1.0.12+3ac43d9560
	- fabric-transfer-api-v1 1.6.0+2373a54560
	- fabric-transitive-access-wideners-v1 1.0.0+bd8a4a1860
	- fabricloader 0.13.3
	- fumomod 1.0.0
	- java 17
	- minecraft 1.18.2
[19:07:15] [main/INFO] (FabricLoader/Mixin) SpongePowered MIXIN Subsystem Version=0.8.5 Source=file:/C:/Users/Valued%20Customer/.gradle/caches/modules-2/files-2.1/net.fabricmc/sponge-mixin/0.11.2+mixin.0.8.5/f4ae569d559b5e3244b67321945261d83ff7ad8e/sponge-mixin-0.11.2+mixin.0.8.5.jar Service=Knot/Fabric Env=CLIENT
[19:07:15] [main/INFO] (FabricLoader/Mixin) Loaded Fabric development mappings for mixin remapper!
[19:07:15] [main/INFO] (FabricLoader/Mixin) Compatibility level set to JAVA_16
[19:07:15] [main/INFO] (FabricLoader/Mixin) Compatibility level set to JAVA_17
[19:07:23] [Render thread/INFO] (Minecraft) Environment: authHost='https://authserver.mojang.com', accountsHost='https://api.mojang.com', sessionHost='https://sessionserver.mojang.com', servicesHost='https://api.minecraftservices.com', name='PROD'
[19:07:25] [Render thread/ERROR] (Minecraft) Failed to verify authentication
com.mojang.authlib.exceptions.InvalidCredentialsException: Status: 401
	at com.mojang.authlib.exceptions.MinecraftClientHttpException.toAuthenticationException(MinecraftClientHttpException.java:56) ~[authlib-3.3.39.jar:?]
	at com.mojang.authlib.yggdrasil.YggdrasilUserApiService.fetchProperties(YggdrasilUserApiService.java:132) ~[authlib-3.3.39.jar:?]
	at com.mojang.authlib.yggdrasil.YggdrasilUserApiService.<init>(YggdrasilUserApiService.java:44) ~[authlib-3.3.39.jar:?]
	at com.mojang.authlib.yggdrasil.YggdrasilAuthenticationService.createUserApiService(YggdrasilAuthenticationService.java:153) ~[authlib-3.3.39.jar:?]
	at net.minecraft.client.MinecraftClient.createUserApiService(MinecraftClient.java:673) [minecraft-project-@-merged-named.jar:?]
	at net.minecraft.client.MinecraftClient.<init>(MinecraftClient.java:495) [minecraft-project-@-merged-named.jar:?]
	at net.minecraft.client.main.Main.main(Main.java:178) [minecraft-project-@-merged-named.jar:?]
	at jdk.internal.reflect.NativeMethodAccessorImpl.invoke0(Native Method) ~[?:?]
	at jdk.internal.reflect.NativeMethodAccessorImpl.invoke(NativeMethodAccessorImpl.java:77) ~[?:?]
	at jdk.internal.reflect.DelegatingMethodAccessorImpl.invoke(DelegatingMethodAccessorImpl.java:43) ~[?:?]
	at java.lang.reflect.Method.invoke(Method.java:568) ~[?:?]
	at net.fabricmc.loader.impl.game.minecraft.MinecraftGameProvider.launch(MinecraftGameProvider.java:416) [fabric-loader-0.13.3.jar:?]
	at net.fabricmc.loader.impl.launch.knot.Knot.launch(Knot.java:77) [fabric-loader-0.13.3.jar:?]
	at net.fabricmc.loader.impl.launch.knot.KnotClient.main(KnotClient.java:23) [fabric-loader-0.13.3.jar:?]
	at net.fabricmc.devlaunchinjector.Main.main(Main.java:86) [dev-launch-injector-0.2.1+build.8.jar:?]
Caused by: com.mojang.authlib.exceptions.MinecraftClientHttpException: Status: 401
	at com.mojang.authlib.minecraft.client.MinecraftClient.readInputStream(MinecraftClient.java:78) ~[authlib-3.3.39.jar:?]
	at com.mojang.authlib.minecraft.client.MinecraftClient.get(MinecraftClient.java:48) ~[authlib-3.3.39.jar:?]
	at com.mojang.authlib.yggdrasil.YggdrasilUserApiService.fetchProperties(YggdrasilUserApiService.java:113) ~[authlib-3.3.39.jar:?]
	... 13 more
[19:07:25] [Render thread/INFO] (Minecraft) Setting user: Player92
[19:07:26] [Render thread/INFO] (fumomod) Registering Mod Items for fumomod
[19:07:26] [Render thread/INFO] (Indigo) [Indigo] Registering Indigo renderer!
[19:07:28] [Render thread/INFO] (Minecraft) Backend library: LWJGL version 3.2.2 build 10
[19:07:35] [Render thread/INFO] (Minecraft) Narrator library for x64 successfully loaded
[19:07:36] [Render thread/INFO] (Minecraft) Reloading ResourceManager: Default, Fabric Mods (Fabric Key Bindings (v0), Fabric API, Fabric Models (v0), Fabric Resource Loader (v0), Fabric Crash Report Info (v1), Fabric Rendering (v1), Fabric Lifecycle Events (v1), Fabric Rendering Data Attachment (v1), Fabric Rendering Fluids (v1), Fabric Item API (v1), Fabric Renderer API (v1), Fabric API Lookup API (v1), Fabric Convention Tags, Fabric Transitive Access Wideners (v1), Fabric Renderer Registries (v1), Fabric Entity Events (v1), Fabric Events Lifecycle (v0), fumo ore, Fabric BlockRenderLayer Registration (v1), Fabric Game Test API (v1), Fabric Screen Handler API (v1), Fabric Rendering (v0), Fabric Screen API (v1), Fabric Item Groups (v0), Fabric Networking API (v1), Fabric Transfer API (v1), Fabric Data Generation API (v1), Fabric Textures (v0), Fabric Events Interaction (v0), Fabric Dimensions API (v1), Fabric Biome API (v1), Fabric Object Builder API (v1), Fabric API Base, Fabric Command API (v1), Fabric Commands (v0), Fabric Key Binding API (v1), Fabric Renderer - Indigo, Fabric Resource Conditions API (v1), Fabric Particles (v1), Fabric Game Rule API (v1), Fabric Registry Sync (v0), Fabric Loot Tables (v1), Fabric Mining Level API (v1), Fabric Containers (v0), Fabric Loader, Fabric Networking (v0), Fabric Content Registries (v0))
[19:07:36] [Render thread/INFO] (fumomod) This line is printed by an example mod mixin!
[19:07:37] [Realms Notification Availability checker #1/INFO] (Minecraft) Could not authorize you against Realms server: Invalid session id
[19:07:41] [Worker-Main-37/WARN] (Minecraft) Texture fumomod:item/fumo with size 456x547 limits mip level from 4 to 0
[19:07:41] [Worker-Main-37/WARN] (Minecraft) minecraft:textures/atlas/blocks.png: dropping miplevel from 4 to 0, because of minimum power of two: 1
[19:07:41] [Render thread/INFO] (Minecraft) OpenAL initialized on device OpenAL Soft on Speakers (Realtek(R) Audio)
[19:07:41] [Render thread/INFO] (Minecraft) Sound engine started
[19:07:41] [Render thread/INFO] (Minecraft) Created: 2048x1024x0 minecraft:textures/atlas/blocks.png-atlas
[19:07:41] [Render thread/INFO] (Minecraft) Created: 256x128x4 minecraft:textures/atlas/signs.png-atlas
[19:07:41] [Render thread/INFO] (Minecraft) Created: 1024x512x4 minecraft:textures/atlas/banner_patterns.png-atlas
[19:07:41] [Render thread/INFO] (Minecraft) Created: 1024x512x4 minecraft:textures/atlas/shield_patterns.png-atlas
[19:07:41] [Render thread/INFO] (Minecraft) Created: 256x256x4 minecraft:textures/atlas/chest.png-atlas
[19:07:41] [Render thread/INFO] (Minecraft) Created: 512x256x4 minecraft:textures/atlas/beds.png-atlas
[19:07:41] [Render thread/INFO] (Minecraft) Created: 512x256x4 minecraft:textures/atlas/shulker_boxes.png-atlas
[19:07:42] [Render thread/INFO] (Minecraft) Created: 256x256x0 minecraft:textures/atlas/particles.png-atlas
[19:07:42] [Render thread/INFO] (Minecraft) Created: 256x256x0 minecraft:textures/atlas/paintings.png-atlas
[19:07:42] [Render thread/INFO] (Minecraft) Created: 256x128x0 minecraft:textures/atlas/mob_effects.png-atlas
[19:07:42] [Render thread/INFO] (fumomod) This line is printed by an example mod mixin!
[19:07:50] [Render thread/INFO] (fumomod) This line is printed by an example mod mixin!
[19:08:01] [Thread-5/INFO] (Minecraft) OpenGL debug message: id=1280, source=API, type=ERROR, severity=HIGH, message='GL_INVALID_ENUM error generated. Operation is not valid from the core profile.'
[19:08:13] [Render thread/WARN] (Minecraft) Ambiguity between arguments [teleport, location] and [teleport, destination] with inputs: [0.1 -0.5 .9, 0 0 0]
[19:08:13] [Render thread/WARN] (Minecraft) Ambiguity between arguments [teleport, location] and [teleport, targets] with inputs: [0.1 -0.5 .9, 0 0 0]
[19:08:13] [Render thread/WARN] (Minecraft) Ambiguity between arguments [teleport, destination] and [teleport, targets] with inputs: [Player, 0123, @e, dd12be42-52a9-4a91-a8a1-11c01849e498]
[19:08:13] [Render thread/WARN] (Minecraft) Ambiguity between arguments [teleport, targets] and [teleport, destination] with inputs: [Player, 0123, dd12be42-52a9-4a91-a8a1-11c01849e498]
[19:08:13] [Render thread/WARN] (Minecraft) Ambiguity between arguments [teleport, targets, location] and [teleport, targets, destination] with inputs: [0.1 -0.5 .9, 0 0 0]
[19:08:13] [Render thread/INFO] (Minecraft) Loaded 7 recipes
[19:08:14] [Render thread/INFO] (Minecraft) Loaded 1141 advancements
[19:08:14] [Render thread/INFO] (Minecraft) Environment: authHost='https://authserver.mojang.com', accountsHost='https://api.mojang.com', sessionHost='https://sessionserver.mojang.com', servicesHost='https://api.minecraftservices.com', name='PROD'
[19:08:14] [Render thread/INFO] (BiomeModificationImpl) Applied 0 biome modifications to 0 of 61 new biomes in 1.639 ms
[19:08:14] [Server thread/INFO] (Minecraft) Starting integrated minecraft server version 1.18.2
[19:08:14] [Server thread/INFO] (Minecraft) Generating keypair
[19:08:19] [Server thread/INFO] (Minecraft) Preparing start region for dimension minecraft:overworld
[19:08:19] [Render thread/INFO] (Minecraft) Preparing spawn area: 0%
[19:08:19] [Render thread/INFO] (Minecraft) Preparing spawn area: 0%
[19:08:20] [Render thread/INFO] (Minecraft) Preparing spawn area: 0%
[19:08:20] [Render thread/INFO] (Minecraft) Preparing spawn area: 3%
[19:08:21] [Render thread/INFO] (Minecraft) Preparing spawn area: 4%
[19:08:21] [Render thread/INFO] (Minecraft) Preparing spawn area: 8%
[19:08:22] [Render thread/INFO] (Minecraft) Preparing spawn area: 13%
[19:08:22] [Render thread/INFO] (Minecraft) Preparing spawn area: 16%
[19:08:23] [Render thread/INFO] (Minecraft) Preparing spawn area: 17%
[19:08:23] [Render thread/INFO] (Minecraft) Preparing spawn area: 25%
[19:08:24] [Render thread/INFO] (Minecraft) Preparing spawn area: 32%
[19:08:24] [Render thread/INFO] (Minecraft) Preparing spawn area: 38%
[19:08:25] [Render thread/INFO] (Minecraft) Preparing spawn area: 45%
[19:08:25] [Render thread/INFO] (Minecraft) Preparing spawn area: 51%
[19:08:26] [Render thread/INFO] (Minecraft) Preparing spawn area: 58%
[19:08:26] [Render thread/INFO] (Minecraft) Preparing spawn area: 62%
[19:08:27] [Render thread/INFO] (Minecraft) Preparing spawn area: 69%
[19:08:27] [Render thread/INFO] (Minecraft) Preparing spawn area: 76%
[19:08:28] [Render thread/INFO] (Minecraft) Preparing spawn area: 77%
[19:08:28] [Render thread/INFO] (Minecraft) Preparing spawn area: 87%
[19:08:29] [Render thread/INFO] (Minecraft) Preparing spawn area: 95%
[19:08:29] [Render thread/INFO] (Minecraft) Time elapsed: 10400 ms
[19:08:29] [Server thread/INFO] (Minecraft) Changing view distance to 12, from 10
[19:08:29] [Server thread/INFO] (Minecraft) Changing simulation distance to 12, from 0
[19:08:30] [Server thread/INFO] (Minecraft) Player92[local:E:aef05852] logged in with entity id 187 at (-1.5, 63.0, 3.5)
[19:08:30] [Server thread/INFO] (Minecraft) Player92 joined the game
[19:08:31] [Render thread/INFO] (Minecraft) Loaded 0 advancements
[19:08:59] [Server thread/INFO] (Minecraft) Saving and pausing game...
[19:08:59] [Server thread/INFO] (Minecraft) Saving chunks for level 'ServerLevel[New World]'/minecraft:overworld
[19:08:59] [Server thread/INFO] (Minecraft) Saving chunks for level 'ServerLevel[New World]'/minecraft:the_nether
[19:08:59] [Server thread/INFO] (Minecraft) Saving chunks for level 'ServerLevel[New World]'/minecraft:the_end
[19:09:52] [Server thread/INFO] (Minecraft) Saving and pausing game...
[19:09:52] [Server thread/INFO] (Minecraft) Saving chunks for level 'ServerLevel[New World]'/minecraft:overworld
[19:09:52] [Server thread/INFO] (Minecraft) Saving chunks for level 'ServerLevel[New World]'/minecraft:the_nether
[19:09:52] [Server thread/INFO] (Minecraft) Saving chunks for level 'ServerLevel[New World]'/minecraft:the_end
[19:10:09] [Server thread/INFO] (Minecraft) Saving and pausing game...
[19:10:09] [Server thread/INFO] (Minecraft) Saving chunks for level 'ServerLevel[New World]'/minecraft:overworld
[19:10:09] [Server thread/INFO] (Minecraft) Saving chunks for level 'ServerLevel[New World]'/minecraft:the_nether
[19:10:09] [Server thread/INFO] (Minecraft) Saving chunks for level 'ServerLevel[New World]'/minecraft:the_end
[19:10:47] [Server thread/INFO] (Minecraft) Saving and pausing game...
[19:10:47] [Server thread/INFO] (Minecraft) Saving chunks for level 'ServerLevel[New World]'/minecraft:overworld
[19:10:47] [Server thread/INFO] (Minecraft) Saving chunks for level 'ServerLevel[New World]'/minecraft:the_nether
[19:10:47] [Server thread/INFO] (Minecraft) Saving chunks for level 'ServerLevel[New World]'/minecraft:the_end
[19:10:48] [Server thread/INFO] (Minecraft) Saving and pausing game...
[19:10:48] [Server thread/INFO] (Minecraft) Saving chunks for level 'ServerLevel[New World]'/minecraft:overworld
[19:10:48] [Server thread/INFO] (Minecraft) Saving chunks for level 'ServerLevel[New World]'/minecraft:the_nether
[19:10:48] [Server thread/INFO] (Minecraft) Saving chunks for level 'ServerLevel[New World]'/minecraft:the_end
[19:10:49] [Server thread/INFO] (Minecraft) Player92 lost connection: Disconnected
[19:10:49] [Server thread/INFO] (Minecraft) Player92 left the game
[19:10:49] [Server thread/INFO] (Minecraft) Stopping singleplayer server as player logged out
[19:10:49] [Server thread/INFO] (Minecraft) Stopping server
[19:10:49] [Server thread/INFO] (Minecraft) Saving players
[19:10:49] [Server thread/INFO] (Minecraft) Saving worlds
[19:10:50] [Server thread/INFO] (Minecraft) Saving chunks for level 'ServerLevel[New World]'/minecraft:overworld
[19:10:50] [Server thread/INFO] (Minecraft) Saving chunks for level 'ServerLevel[New World]'/minecraft:the_nether
[19:10:50] [Server thread/INFO] (Minecraft) Saving chunks for level 'ServerLevel[New World]'/minecraft:the_end
[19:10:50] [Server thread/INFO] (Minecraft) ThreadedAnvilChunkStorage (New World): All chunks are saved
[19:10:50] [Server thread/INFO] (Minecraft) ThreadedAnvilChunkStorage (DIM-1): All chunks are saved
[19:10:50] [Server thread/INFO] (Minecraft) ThreadedAnvilChunkStorage (DIM1): All chunks are saved
[19:10:50] [Server thread/INFO] (Minecraft) ThreadedAnvilChunkStorage: All dimensions are saved
[19:10:50] [Render thread/INFO] (fumomod) This line is printed by an example mod mixin!
[19:10:56] [Render thread/INFO] (Minecraft) Stopping!
